# JRE version: OpenJDK Runtime Environment (8.0_76-b03) (build 1.8.0_76-release-b03)
# Java VM: OpenJDK 64-Bit Server VM (25.76-b03 mixed mode windows-amd64 compressed oops)
Heap:
 PSYoungGen      total 131584K, used 25372K [0x00000000eab00000, 0x00000000f6880000, 0x0000000100000000)
  eden space 120832K, 20% used [0x00000000eab00000,0x00000000ec3c71f8,0x00000000f2100000)
  from space 10752K, 0% used [0x00000000f2100000,0x00000000f2100000,0x00000000f2b80000)
  to   space 10752K, 0% used [0x00000000f5e00000,0x00000000f5e00000,0x00000000f6880000)
 ParOldGen       total 72704K, used 15653K [0x00000000c0000000, 0x00000000c4700000, 0x00000000eab00000)
  object space 72704K, 21% used [0x00000000c0000000,0x00000000c0f49798,0x00000000c4700000)
 Metaspace       used 35657K, capacity 36492K, committed 36736K, reserved 1081344K
  class space    used 4794K, capacity 4990K, committed 4992K, reserved 1048576K
GC Heap History (10 events):
Event: 20.000 GC heap before
{Heap before GC invocations=7 (full 1):
 PSYoungGen      total 52736K, used 49152K [0x00000000eab00000, 0x00000000f1d00000, 0x0000000100000000)
  eden space 49152K, 100% used [0x00000000eab00000,0x00000000edb00000,0x00000000edb00000)
  from space 3584K, 0% used [0x00000000edb00000,0x00000000edb00000,0x00000000ede80000)
  to   space 9216K, 0% used [0x00000000f1400000,0x00000000f1400000,0x00000000f1d00000)
 ParOldGen       total 50176K, used 10881K [0x00000000c0000000, 0x00000000c3100000, 0x00000000eab00000)
  object space 50176K, 21% used [0x00000000c0000000,0x00000000c0aa0798,0x00000000c3100000)
 Metaspace       used 24513K, capacity 25114K, committed 25344K, reserved 1071104K
  class space    used 3360K, capacity 3547K, committed 3584K, reserved 1048576K
Event: 20.011 GC heap after
Heap after GC invocations=7 (full 1):
 PSYoungGen      total 84480K, used 6078K [0x00000000eab00000, 0x00000000f1a00000, 0x0000000100000000)
  eden space 78336K, 0% used [0x00000000eab00000,0x00000000eab00000,0x00000000ef780000)
  from space 6144K, 98% used [0x00000000f1400000,0x00000000f19ef870,0x00000000f1a00000)
  to   space 8704K, 0% used [0x00000000f0900000,0x00000000f0900000,0x00000000f1180000)
 ParOldGen       total 50176K, used 10881K [0x00000000c0000000, 0x00000000c3100000, 0x00000000eab00000)
  object space 50176K, 21% used [0x00000000c0000000,0x00000000c0aa0798,0x00000000c3100000)
 Metaspace       used 24513K, capacity 25114K, committed 25344K, reserved 1071104K
  class space    used 3360K, capacity 3547K, committed 3584K, reserved 1048576K
}
Event: 23.621 GC heap before
{Heap before GC invocations=8 (full 1):
 PSYoungGen      total 84480K, used 84414K [0x00000000eab00000, 0x00000000f1a00000, 0x0000000100000000)
  eden space 78336K, 100% used [0x00000000eab00000,0x00000000ef780000,0x00000000ef780000)
  from space 6144K, 98% used [0x00000000f1400000,0x00000000f19ef870,0x00000000f1a00000)
  to   space 8704K, 0% used [0x00000000f0900000,0x00000000f0900000,0x00000000f1180000)
 ParOldGen       total 50176K, used 10881K [0x00000000c0000000, 0x00000000c3100000, 0x00000000eab00000)
  object space 50176K, 21% used [0x00000000c0000000,0x00000000c0aa0798,0x00000000c3100000)
 Metaspace       used 28127K, capacity 28722K, committed 28928K, reserved 1075200K
  class space    used 3846K, capacity 3999K, committed 4096K, reserved 1048576K
Event: 23.640 GC heap after
Heap after GC invocations=8 (full 1):
 PSYoungGen      total 104960K, used 7169K [0x00000000eab00000, 0x00000000f3480000, 0x0000000100000000)
  eden space 96256K, 0% used [0x00000000eab00000,0x00000000eab00000,0x00000000f0900000)
  from space 8704K, 82% used [0x00000000f0900000,0x00000000f10004a8,0x00000000f1180000)
  to   space 9216K, 0% used [0x00000000f2b80000,0x00000000f2b80000,0x00000000f3480000)
 ParOldGen       total 50176K, used 10881K [0x00000000c0000000, 0x00000000c3100000, 0x00000000eab00000)
  object space 50176K, 21% used [0x00000000c0000000,0x00000000c0aa0798,0x00000000c3100000)
 Metaspace       used 28127K, capacity 28722K, committed 28928K, reserved 1075200K
  class space    used 3846K, capacity 3999K, committed 4096K, reserved 1048576K
}
Event: 35.060 GC heap before
{Heap before GC invocations=9 (full 1):
 PSYoungGen      total 104960K, used 103425K [0x00000000eab00000, 0x00000000f3480000, 0x0000000100000000)
  eden space 96256K, 100% used [0x00000000eab00000,0x00000000f0900000,0x00000000f0900000)
  from space 8704K, 82% used [0x00000000f0900000,0x00000000f10004a8,0x00000000f1180000)
  to   space 9216K, 0% used [0x00000000f2b80000,0x00000000f2b80000,0x00000000f3480000)
 ParOldGen       total 50176K, used 10881K [0x00000000c0000000, 0x00000000c3100000, 0x00000000eab00000)
  object space 50176K, 21% used [0x00000000c0000000,0x00000000c0aa0798,0x00000000c3100000)
 Metaspace       used 33455K, capacity 34180K, committed 34432K, reserved 1079296K
  class space    used 4514K, capacity 4716K, committed 4736K, reserved 1048576K
Event: 35.093 GC heap after
Heap after GC invocations=9 (full 1):
 PSYoungGen      total 130048K, used 9185K [0x00000000eab00000, 0x00000000f4f00000, 0x0000000100000000)
  eden space 120832K, 0% used [0x00000000eab00000,0x00000000eab00000,0x00000000f2100000)
  from space 9216K, 99% used [0x00000000f2b80000,0x00000000f3478590,0x00000000f3480000)
  to   space 10752K, 0% used [0x00000000f2100000,0x00000000f2100000,0x00000000f2b80000)
 ParOldGen       total 50176K, used 12105K [0x00000000c0000000, 0x00000000c3100000, 0x00000000eab00000)
  object space 50176K, 24% used [0x00000000c0000000,0x00000000c0bd2588,0x00000000c3100000)
 Metaspace       used 33455K, capacity 34180K, committed 34432K, reserved 1079296K
  class space    used 4514K, capacity 4716K, committed 4736K, reserved 1048576K
}
Event: 35.635 GC heap before
{Heap before GC invocations=10 (full 1):
 PSYoungGen      total 130048K, used 22931K [0x00000000eab00000, 0x00000000f4f00000, 0x0000000100000000)
  eden space 120832K, 11% used [0x00000000eab00000,0x00000000eb86c6a8,0x00000000f2100000)
  from space 9216K, 99% used [0x00000000f2b80000,0x00000000f3478590,0x00000000f3480000)
  to   space 10752K, 0% used [0x00000000f2100000,0x00000000f2100000,0x00000000f2b80000)
 ParOldGen       total 50176K, used 12105K [0x00000000c0000000, 0x00000000c3100000, 0x00000000eab00000)
  object space 50176K, 24% used [0x00000000c0000000,0x00000000c0bd2588,0x00000000c3100000)
 Metaspace       used 34688K, capacity 35362K, committed 35496K, reserved 1079296K
  class space    used 4663K, capacity 4849K, committed 4864K, reserved 1048576K
Event: 35.658 GC heap after
Heap after GC invocations=10 (full 1):
 PSYoungGen      total 131584K, used 5660K [0x00000000eab00000, 0x00000000f6880000, 0x0000000100000000)
  eden space 120832K, 0% used [0x00000000eab00000,0x00000000eab00000,0x00000000f2100000)
  from space 10752K, 52% used [0x00000000f2100000,0x00000000f26870a8,0x00000000f2b80000)
  to   space 10752K, 0% used [0x00000000f5e00000,0x00000000f5e00000,0x00000000f6880000)
 ParOldGen       total 50176K, used 14597K [0x00000000c0000000, 0x00000000c3100000, 0x00000000eab00000)
  object space 50176K, 29% used [0x00000000c0000000,0x00000000c0e415a8,0x00000000c3100000)
 Metaspace       used 34688K, capacity 35362K, committed 35496K, reserved 1079296K
  class space    used 4663K, capacity 4849K, committed 4864K, reserved 1048576K
}
Event: 35.658 GC heap before
{Heap before GC invocations=11 (full 2):
 PSYoungGen      total 131584K, used 5660K [0x00000000eab00000, 0x00000000f6880000, 0x0000000100000000)
  eden space 120832K, 0% used [0x00000000eab00000,0x00000000eab00000,0x00000000f2100000)
  from space 10752K, 52% used [0x00000000f2100000,0x00000000f26870a8,0x00000000f2b80000)
  to   space 10752K, 0% used [0x00000000f5e00000,0x00000000f5e00000,0x00000000f6880000)
 ParOldGen       total 50176K, used 14597K [0x00000000c0000000, 0x00000000c3100000, 0x00000000eab00000)
  object space 50176K, 29% used [0x00000000c0000000,0x00000000c0e415a8,0x00000000c3100000)
 Metaspace       used 34688K, capacity 35362K, committed 35496K, reserved 1079296K
  class space    used 4663K, capacity 4849K, committed 4864K, reserved 1048576K
Event: 36.229 GC heap after
Heap after GC invocations=11 (full 2):
 PSYoungGen      total 131584K, used 0K [0x00000000eab00000, 0x00000000f6880000, 0x0000000100000000)
  eden space 120832K, 0% used [0x00000000eab00000,0x00000000eab00000,0x00000000f2100000)
  from space 10752K, 0% used [0x00000000f2100000,0x00000000f2100000,0x00000000f2b80000)
  to   space 10752K, 0% used [0x00000000f5e00000,0x00000000f5e00000,0x00000000f6880000)
 ParOldGen       total 72704K, used 15653K [0x00000000c0000000, 0x00000000c4700000, 0x00000000eab00000)
  object space 72704K, 21% used [0x00000000c0000000,0x00000000c0f49798,0x00000000c4700000)
 Metaspace       used 34688K, capacity 35362K, committed 35496K, reserved 1079296K
  class space    used 4663K, capacity 4849K, committed 4864K, reserved 1048576K
}

