# JRE version: OpenJDK Runtime Environment (8.0_76-b03) (build 1.8.0_76-release-b03)
# Java VM: OpenJDK 64-Bit Server VM (25.76-b03 mixed mode windows-amd64 compressed oops)
Heap:
 PSYoungGen      total 128000K, used 22053K [0x00000000eab00000, 0x00000000f5980000, 0x0000000100000000)
  eden space 117760K, 18% used [0x00000000eab00000,0x00000000ec0895d8,0x00000000f1e00000)
  from space 10240K, 0% used [0x00000000f1e00000,0x00000000f1e00000,0x00000000f2800000)
  to   space 10240K, 0% used [0x00000000f4f80000,0x00000000f4f80000,0x00000000f5980000)
 ParOldGen       total 71680K, used 14680K [0x00000000c0000000, 0x00000000c4600000, 0x00000000eab00000)
  object space 71680K, 20% used [0x00000000c0000000,0x00000000c0e56120,0x00000000c4600000)
 Metaspace       used 35508K, capacity 36176K, committed 36776K, reserved 1081344K
  class space    used 4739K, capacity 4920K, committed 5040K, reserved 1048576K
GC Heap History (10 events):
Event: 19.692 GC heap before
{Heap before GC invocations=7 (full 1):
 PSYoungGen      total 52736K, used 49152K [0x00000000eab00000, 0x00000000f1c00000, 0x0000000100000000)
  eden space 49152K, 100% used [0x00000000eab00000,0x00000000edb00000,0x00000000edb00000)
  from space 3584K, 0% used [0x00000000edb00000,0x00000000edb00000,0x00000000ede80000)
  to   space 8704K, 0% used [0x00000000f1380000,0x00000000f1380000,0x00000000f1c00000)
 ParOldGen       total 49152K, used 10375K [0x00000000c0000000, 0x00000000c3000000, 0x00000000eab00000)
  object space 49152K, 21% used [0x00000000c0000000,0x00000000c0a21fe8,0x00000000c3000000)
 Metaspace       used 24829K, capacity 25278K, committed 25648K, reserved 1071104K
  class space    used 3385K, capacity 3509K, committed 3632K, reserved 1048576K
Event: 19.703 GC heap after
Heap after GC invocations=7 (full 1):
 PSYoungGen      total 83456K, used 6032K [0x00000000eab00000, 0x00000000f1980000, 0x0000000100000000)
  eden space 77312K, 0% used [0x00000000eab00000,0x00000000eab00000,0x00000000ef680000)
  from space 6144K, 98% used [0x00000000f1380000,0x00000000f1964108,0x00000000f1980000)
  to   space 8704K, 0% used [0x00000000f0880000,0x00000000f0880000,0x00000000f1100000)
 ParOldGen       total 49152K, used 10375K [0x00000000c0000000, 0x00000000c3000000, 0x00000000eab00000)
  object space 49152K, 21% used [0x00000000c0000000,0x00000000c0a21fe8,0x00000000c3000000)
 Metaspace       used 24829K, capacity 25278K, committed 25648K, reserved 1071104K
  class space    used 3385K, capacity 3509K, committed 3632K, reserved 1048576K
}
Event: 22.098 GC heap before
{Heap before GC invocations=8 (full 1):
 PSYoungGen      total 83456K, used 83344K [0x00000000eab00000, 0x00000000f1980000, 0x0000000100000000)
  eden space 77312K, 100% used [0x00000000eab00000,0x00000000ef680000,0x00000000ef680000)
  from space 6144K, 98% used [0x00000000f1380000,0x00000000f1964108,0x00000000f1980000)
  to   space 8704K, 0% used [0x00000000f0880000,0x00000000f0880000,0x00000000f1100000)
 ParOldGen       total 49152K, used 10375K [0x00000000c0000000, 0x00000000c3000000, 0x00000000eab00000)
  object space 49152K, 21% used [0x00000000c0000000,0x00000000c0a21fe8,0x00000000c3000000)
 Metaspace       used 27836K, capacity 28278K, committed 28592K, reserved 1073152K
  class space    used 3786K, capacity 3929K, committed 4016K, reserved 1048576K
Event: 22.117 GC heap after
Heap after GC invocations=8 (full 1):
 PSYoungGen      total 104448K, used 6380K [0x00000000eab00000, 0x00000000f3080000, 0x0000000100000000)
  eden space 95744K, 0% used [0x00000000eab00000,0x00000000eab00000,0x00000000f0880000)
  from space 8704K, 73% used [0x00000000f0880000,0x00000000f0ebb218,0x00000000f1100000)
  to   space 8704K, 0% used [0x00000000f2800000,0x00000000f2800000,0x00000000f3080000)
 ParOldGen       total 49152K, used 10456K [0x00000000c0000000, 0x00000000c3000000, 0x00000000eab00000)
  object space 49152K, 21% used [0x00000000c0000000,0x00000000c0a36010,0x00000000c3000000)
 Metaspace       used 27836K, capacity 28278K, committed 28592K, reserved 1073152K
  class space    used 3786K, capacity 3929K, committed 4016K, reserved 1048576K
}
Event: 29.942 GC heap before
{Heap before GC invocations=9 (full 1):
 PSYoungGen      total 104448K, used 102124K [0x00000000eab00000, 0x00000000f3080000, 0x0000000100000000)
  eden space 95744K, 100% used [0x00000000eab00000,0x00000000f0880000,0x00000000f0880000)
  from space 8704K, 73% used [0x00000000f0880000,0x00000000f0ebb218,0x00000000f1100000)
  to   space 8704K, 0% used [0x00000000f2800000,0x00000000f2800000,0x00000000f3080000)
 ParOldGen       total 49152K, used 10456K [0x00000000c0000000, 0x00000000c3000000, 0x00000000eab00000)
  object space 49152K, 21% used [0x00000000c0000000,0x00000000c0a36010,0x00000000c3000000)
 Metaspace       used 33432K, capacity 34024K, committed 34480K, reserved 1079296K
  class space    used 4481K, capacity 4678K, committed 4784K, reserved 1048576K
Event: 30.025 GC heap after
Heap after GC invocations=9 (full 1):
 PSYoungGen      total 126464K, used 8691K [0x00000000eab00000, 0x00000000f4d80000, 0x0000000100000000)
  eden space 117760K, 0% used [0x00000000eab00000,0x00000000eab00000,0x00000000f1e00000)
  from space 8704K, 99% used [0x00000000f2800000,0x00000000f307cc38,0x00000000f3080000)
  to   space 10240K, 0% used [0x00000000f1e00000,0x00000000f1e00000,0x00000000f2800000)
 ParOldGen       total 49152K, used 12109K [0x00000000c0000000, 0x00000000c3000000, 0x00000000eab00000)
  object space 49152K, 24% used [0x00000000c0000000,0x00000000c0bd37e8,0x00000000c3000000)
 Metaspace       used 33432K, capacity 34024K, committed 34480K, reserved 1079296K
  class space    used 4481K, capacity 4678K, committed 4784K, reserved 1048576K
}
Event: 30.705 GC heap before
{Heap before GC invocations=10 (full 1):
 PSYoungGen      total 126464K, used 22002K [0x00000000eab00000, 0x00000000f4d80000, 0x0000000100000000)
  eden space 117760K, 11% used [0x00000000eab00000,0x00000000eb7ffc50,0x00000000f1e00000)
  from space 8704K, 99% used [0x00000000f2800000,0x00000000f307cc38,0x00000000f3080000)
  to   space 10240K, 0% used [0x00000000f1e00000,0x00000000f1e00000,0x00000000f2800000)
 ParOldGen       total 49152K, used 12109K [0x00000000c0000000, 0x00000000c3000000, 0x00000000eab00000)
  object space 49152K, 24% used [0x00000000c0000000,0x00000000c0bd37e8,0x00000000c3000000)
 Metaspace       used 34593K, capacity 35174K, committed 35496K, reserved 1079296K
  class space    used 4615K, capacity 4779K, committed 4784K, reserved 1048576K
Event: 30.723 GC heap after
Heap after GC invocations=10 (full 1):
 PSYoungGen      total 128000K, used 5533K [0x00000000eab00000, 0x00000000f5980000, 0x0000000100000000)
  eden space 117760K, 0% used [0x00000000eab00000,0x00000000eab00000,0x00000000f1e00000)
  from space 10240K, 54% used [0x00000000f1e00000,0x00000000f2367510,0x00000000f2800000)
  to   space 10240K, 0% used [0x00000000f4f80000,0x00000000f4f80000,0x00000000f5980000)
 ParOldGen       total 49152K, used 14478K [0x00000000c0000000, 0x00000000c3000000, 0x00000000eab00000)
  object space 49152K, 29% used [0x00000000c0000000,0x00000000c0e23818,0x00000000c3000000)
 Metaspace       used 34593K, capacity 35174K, committed 35496K, reserved 1079296K
  class space    used 4615K, capacity 4779K, committed 4784K, reserved 1048576K
}
Event: 30.723 GC heap before
{Heap before GC invocations=11 (full 2):
 PSYoungGen      total 128000K, used 5533K [0x00000000eab00000, 0x00000000f5980000, 0x0000000100000000)
  eden space 117760K, 0% used [0x00000000eab00000,0x00000000eab00000,0x00000000f1e00000)
  from space 10240K, 54% used [0x00000000f1e00000,0x00000000f2367510,0x00000000f2800000)
  to   space 10240K, 0% used [0x00000000f4f80000,0x00000000f4f80000,0x00000000f5980000)
 ParOldGen       total 49152K, used 14478K [0x00000000c0000000, 0x00000000c3000000, 0x00000000eab00000)
  object space 49152K, 29% used [0x00000000c0000000,0x00000000c0e23818,0x00000000c3000000)
 Metaspace       used 34593K, capacity 35174K, committed 35496K, reserved 1079296K
  class space    used 4615K, capacity 4779K, committed 4784K, reserved 1048576K
Event: 31.230 GC heap after
Heap after GC invocations=11 (full 2):
 PSYoungGen      total 128000K, used 0K [0x00000000eab00000, 0x00000000f5980000, 0x0000000100000000)
  eden space 117760K, 0% used [0x00000000eab00000,0x00000000eab00000,0x00000000f1e00000)
  from space 10240K, 0% used [0x00000000f1e00000,0x00000000f1e00000,0x00000000f2800000)
  to   space 10240K, 0% used [0x00000000f4f80000,0x00000000f4f80000,0x00000000f5980000)
 ParOldGen       total 71680K, used 14680K [0x00000000c0000000, 0x00000000c4600000, 0x00000000eab00000)
  object space 71680K, 20% used [0x00000000c0000000,0x00000000c0e56120,0x00000000c4600000)
 Metaspace       used 34593K, capacity 35174K, committed 35496K, reserved 1079296K
  class space    used 4615K, capacity 4779K, committed 4784K, reserved 1048576K
}

